<?xml version="1.0" encoding="UTF-8"?>
<testng-results ignored="0" total="2" passed="2" failed="0" skipped="0">
  <reporter-output>
  </reporter-output>
  <suite started-at="2024-03-26T00:25:02 IST" name="Suite" finished-at="2024-03-26T00:25:40 IST" duration-ms="37864">
    <groups>
    </groups>
    <test started-at="2024-03-26T00:25:02 IST" name="Test" finished-at="2024-03-26T00:25:40 IST" duration-ms="37864">
      <class name="Framework.Tests.MainTest">
        <test-method is-config="true" signature="Launch()[pri:0, instance:Framework.Tests.MainTest@5bf8fa12]" started-at="2024-03-26T00:25:02 IST" name="Launch" finished-at="2024-03-26T00:25:09 IST" duration-ms="7330" status="PASS">
          <reporter-output>
          </reporter-output>
        </test-method> <!-- Launch -->
        <test-method signature="funtion(java.util.HashMap)[pri:0, instance:Framework.Tests.MainTest@5bf8fa12]" started-at="2024-03-26T00:25:09 IST" name="funtion" data-provider="data" finished-at="2024-03-26T00:25:23 IST" duration-ms="13319" status="PASS">
          <params>
            <param index="0">
              <value>
                <![CDATA[{CheckboxOP=Option3, CountryInitials=Ind, DisplayText=Content, Country=India, RadioOPtion=Radio3, dropdownOP=Option3, tableScroll=document.querySelector('.tableFixHead').scrollTop=100, Name=Ketan Chauhan}]]>
              </value>
            </param>
          </params>
          <reporter-output>
          </reporter-output>
        </test-method> <!-- funtion -->
        <test-method is-config="true" signature="closure()[pri:0, instance:Framework.Tests.MainTest@5bf8fa12]" started-at="2024-03-26T00:25:23 IST" name="closure" finished-at="2024-03-26T00:25:23 IST" duration-ms="280" status="PASS">
          <reporter-output>
          </reporter-output>
        </test-method> <!-- closure -->
        <test-method is-config="true" signature="Launch()[pri:0, instance:Framework.Tests.MainTest@5bf8fa12]" started-at="2024-03-26T00:25:23 IST" name="Launch" finished-at="2024-03-26T00:25:28 IST" duration-ms="4970" status="PASS">
          <reporter-output>
          </reporter-output>
        </test-method> <!-- Launch -->
        <test-method signature="funtion(java.util.HashMap)[pri:0, instance:Framework.Tests.MainTest@5bf8fa12]" started-at="2024-03-26T00:25:28 IST" name="funtion" data-provider="data" finished-at="2024-03-26T00:25:39 IST" duration-ms="11437" status="PASS">
          <params>
            <param index="0">
              <value>
                <![CDATA[{CheckboxOP=Option3, CountryInitials=Ind, DisplayText=Content, Country=India, RadioOPtion=Radio3, dropdownOP=Option2, tableScroll=document.querySelector('.tableFixHead').scrollTop=100, Name=Ketan Chauhan}]]>
              </value>
            </param>
          </params>
          <reporter-output>
          </reporter-output>
        </test-method> <!-- funtion -->
        <test-method is-config="true" signature="closure()[pri:0, instance:Framework.Tests.MainTest@5bf8fa12]" started-at="2024-03-26T00:25:39 IST" name="closure" finished-at="2024-03-26T00:25:40 IST" duration-ms="249" status="PASS">
          <reporter-output>
          </reporter-output>
        </test-method> <!-- closure -->
      </class> <!-- Framework.Tests.MainTest -->
    </test> <!-- Test -->
  </suite> <!-- Suite -->
</testng-results>
